[2022-11-29 14:12:34,794] {taskinstance.py:1037} INFO - Dependencies all met for <TaskInstance: vaccine_dags.creatableLoad manual__2022-11-29T14:12:30.925489+00:00 [queued]>
[2022-11-29 14:12:34,804] {taskinstance.py:1037} INFO - Dependencies all met for <TaskInstance: vaccine_dags.creatableLoad manual__2022-11-29T14:12:30.925489+00:00 [queued]>
[2022-11-29 14:12:34,804] {taskinstance.py:1243} INFO - 
--------------------------------------------------------------------------------
[2022-11-29 14:12:34,804] {taskinstance.py:1244} INFO - Starting attempt 1 of 2
[2022-11-29 14:12:34,804] {taskinstance.py:1245} INFO - 
--------------------------------------------------------------------------------
[2022-11-29 14:12:34,818] {taskinstance.py:1264} INFO - Executing <Task(PythonOperator): creatableLoad> on 2022-11-29 14:12:30.925489+00:00
[2022-11-29 14:12:34,823] {standard_task_runner.py:52} INFO - Started process 927 to run task
[2022-11-29 14:12:34,827] {standard_task_runner.py:76} INFO - Running: ['***', 'tasks', 'run', 'vaccine_dags', 'creatableLoad', 'manual__2022-11-29T14:12:30.925489+00:00', '--job-id', '1210', '--raw', '--subdir', 'DAGS_FOLDER/vaccine.py', '--cfg-path', '/tmp/tmp8a6c8gos', '--error-file', '/tmp/tmp41kfvt8j']
[2022-11-29 14:12:34,828] {standard_task_runner.py:77} INFO - Job 1210: Subtask creatableLoad
[2022-11-29 14:12:34,889] {logging_mixin.py:109} INFO - Running <TaskInstance: vaccine_dags.creatableLoad manual__2022-11-29T14:12:30.925489+00:00 [running]> on host acb48b0a6e0d
[2022-11-29 14:12:34,945] {taskinstance.py:1431} INFO - Exporting the following env vars:
AIRFLOW_CTX_DAG_OWNER=***
AIRFLOW_CTX_DAG_ID=vaccine_dags
AIRFLOW_CTX_TASK_ID=creatableLoad
AIRFLOW_CTX_EXECUTION_DATE=2022-11-29T14:12:30.925489+00:00
AIRFLOW_CTX_DAG_RUN_ID=manual__2022-11-29T14:12:30.925489+00:00
[2022-11-29 14:12:34,961] {taskinstance.py:1718} ERROR - Task failed with exception
Traceback (most recent call last):
  File "/home/airflow/.local/lib/python3.7/site-packages/airflow/models/taskinstance.py", line 1334, in _run_raw_task
    self._execute_task_with_callbacks(context)
  File "/home/airflow/.local/lib/python3.7/site-packages/airflow/models/taskinstance.py", line 1460, in _execute_task_with_callbacks
    result = self._execute_task(context, self.task)
  File "/home/airflow/.local/lib/python3.7/site-packages/airflow/models/taskinstance.py", line 1516, in _execute_task
    result = execute_callable(context=context)
  File "/home/airflow/.local/lib/python3.7/site-packages/airflow/operators/python.py", line 174, in execute
    return_value = self.execute_callable()
  File "/home/airflow/.local/lib/python3.7/site-packages/airflow/operators/python.py", line 188, in execute_callable
    return self.python_callable(*self.op_args, **self.op_kwargs)
  File "/opt/airflow/dags/vaccine.py", line 120, in creatableLoad
    row.split(",")[6],)
psycopg2.errors.DatetimeFieldOverflow: date/time field value out of range: "1612137600000"
LINE 3:                     VALUES ('1612137600000', '2021-02-01', '...
                                    ^
HINT:  Perhaps you need a different "datestyle" setting.

[2022-11-29 14:12:34,974] {taskinstance.py:1282} INFO - Marking task as UP_FOR_RETRY. dag_id=vaccine_dags, task_id=creatableLoad, execution_date=20221129T141230, start_date=20221129T141234, end_date=20221129T141234
[2022-11-29 14:12:34,991] {standard_task_runner.py:92} ERROR - Failed to execute job 1210 for task creatableLoad
Traceback (most recent call last):
  File "/home/airflow/.local/lib/python3.7/site-packages/airflow/task/task_runner/standard_task_runner.py", line 85, in _start_by_fork
    args.func(args, dag=self.dag)
  File "/home/airflow/.local/lib/python3.7/site-packages/airflow/cli/cli_parser.py", line 48, in command
    return func(*args, **kwargs)
  File "/home/airflow/.local/lib/python3.7/site-packages/airflow/utils/cli.py", line 92, in wrapper
    return f(*args, **kwargs)
  File "/home/airflow/.local/lib/python3.7/site-packages/airflow/cli/commands/task_command.py", line 298, in task_run
    _run_task_by_selected_method(args, dag, ti)
  File "/home/airflow/.local/lib/python3.7/site-packages/airflow/cli/commands/task_command.py", line 107, in _run_task_by_selected_method
    _run_raw_task(args, ti)
  File "/home/airflow/.local/lib/python3.7/site-packages/airflow/cli/commands/task_command.py", line 184, in _run_raw_task
    error_file=args.error_file,
  File "/home/airflow/.local/lib/python3.7/site-packages/airflow/utils/session.py", line 70, in wrapper
    return func(*args, session=session, **kwargs)
  File "/home/airflow/.local/lib/python3.7/site-packages/airflow/models/taskinstance.py", line 1334, in _run_raw_task
    self._execute_task_with_callbacks(context)
  File "/home/airflow/.local/lib/python3.7/site-packages/airflow/models/taskinstance.py", line 1460, in _execute_task_with_callbacks
    result = self._execute_task(context, self.task)
  File "/home/airflow/.local/lib/python3.7/site-packages/airflow/models/taskinstance.py", line 1516, in _execute_task
    result = execute_callable(context=context)
  File "/home/airflow/.local/lib/python3.7/site-packages/airflow/operators/python.py", line 174, in execute
    return_value = self.execute_callable()
  File "/home/airflow/.local/lib/python3.7/site-packages/airflow/operators/python.py", line 188, in execute_callable
    return self.python_callable(*self.op_args, **self.op_kwargs)
  File "/opt/airflow/dags/vaccine.py", line 120, in creatableLoad
    row.split(",")[6],)
psycopg2.errors.DatetimeFieldOverflow: date/time field value out of range: "1612137600000"
LINE 3:                     VALUES ('1612137600000', '2021-02-01', '...
                                    ^
HINT:  Perhaps you need a different "datestyle" setting.

[2022-11-29 14:12:35,039] {local_task_job.py:154} INFO - Task exited with return code 1
[2022-11-29 14:12:35,164] {local_task_job.py:264} INFO - 0 downstream tasks scheduled from follow-on schedule check
